<?xml version="1.0" encoding="UTF-8"?>
<!-- Generated by org.testng.reporters.JUnitReportReporter -->
<testsuite hostname="LAPTOP-IBLHU5QH" failures="0" tests="3" name="Listeners.TestNGClass2" time="56.787" errors="0" timestamp="2024-11-25T20:57:19 IST" skipped="0">
  <testcase classname="Listeners.TestNGClass2" name="clickonpublichealth" time="19.485"/>
  <system-out/>
  <testcase classname="Listeners.TestNGClass2" name="clickonpublichealth" time="17.151"/>
  <system-out/>
  <testcase classname="Listeners.TestNGClass2" name="clickonnews" time="20.151"/>
  <system-out/>
</testsuite> <!-- Listeners.TestNGClass2 -->
