<?xml version="1.0" encoding="UTF-8"?>
<!-- Generated by org.testng.reporters.JUnitReportReporter -->
<testsuite hostname="LAPTOP-IBLHU5QH" failures="0" tests="3" name="ListenersA.TestNGClass2" time="55.736" errors="0" timestamp="2024-11-27T23:06:33 IST" skipped="0">
  <testcase classname="ListenersA.TestNGClass2" name="clickonpublichealth" time="16.718"/>
  <system-out/>
  <testcase classname="ListenersA.TestNGClass2" name="clickonpublichealth" time="21.602"/>
  <system-out/>
  <testcase classname="ListenersA.TestNGClass2" name="clickonnews" time="17.416"/>
  <system-out/>
</testsuite> <!-- ListenersA.TestNGClass2 -->
