<?xml version="1.0" encoding="UTF-8"?>
<!-- Generated by org.testng.reporters.JUnitReportReporter -->
<testsuite hostname="LAPTOP-IBLHU5QH" failures="0" tests="3" name="TestClasses.TestNGClass1" time="65.052" errors="0" timestamp="2024-11-26T23:12:30 IST" skipped="0">
  <testcase classname="TestClasses.TestNGClass1" name="clickonpublichealth" time="24.866"/>
  <system-out/>
  <testcase classname="TestClasses.TestNGClass1" name="clickonpublichealth" time="17.352"/>
  <system-out/>
  <testcase classname="TestClasses.TestNGClass1" name="clickonLogo" time="22.834"/>
  <system-out/>
</testsuite> <!-- TestClasses.TestNGClass1 -->
