<?xml version="1.0" encoding="UTF-8"?>
<!-- Generated by org.testng.reporters.JUnitReportReporter -->
<testsuite hostname="LAPTOP-IBLHU5QH" failures="0" tests="3" name="Listeners.Listeners" time="62.904" errors="0" timestamp="2024-11-25T17:18:45 IST" skipped="0">
  <testcase classname="Listeners.Listeners" name="clickonpublichealth" time="21.549"/>
  <system-out/>
  <testcase classname="Listeners.Listeners" name="clickonpublichealth" time="18.780"/>
  <system-out/>
  <testcase classname="Listeners.Listeners" name="clickonnews" time="22.575"/>
  <system-out/>
</testsuite> <!-- Listeners.Listeners -->
